<?xml version="1.0" encoding="UTF-8"?>
<!-- Generated by org.testng.reporters.JUnitXMLReporter -->
<testsuite hostname="DESKTOP-FBJTQAJ" ignored="0" name="search-test-webdriver" tests="1" failures="0" timestamp="01 Jan 2021 12:50:31 GMT" time="397.892" errors="0">
  <testcase name="@BeforeTest setupDriver" time="397.811" classname="com.tests.BaseTest">
    <failure type="org.openqa.selenium.WebDriverException" message="Unable to parse remote response: &amp;lt;!DOCTYPE html&amp;gt;
&amp;lt;html&amp;gt;
&amp;lt;head&amp;gt;
  &amp;lt;meta charset=&amp;quot;utf-8&amp;quot;&amp;gt;
  &amp;lt;title&amp;gt;Zalenium - 502
  
    - Bad Gateway
  
  &amp;lt;/title&amp;gt;
  &amp;lt;meta name=&amp;quot;viewport&amp;quot; content=&amp;quot;width=device-width, initial-scale=1&amp;quot;&amp;gt;
  &amp;lt;style&amp;gt;
    h1 { text-align: center; }
    address { text-align: center; }
  &amp;lt;/style&amp;gt;
&amp;lt;/head&amp;gt;
&amp;lt;body&amp;gt;
  &amp;lt;h1&amp;gt;502
  
    - Bad Gateway
  
  &amp;lt;/h1&amp;gt;
&amp;lt;hr&amp;gt;
&amp;lt;address&amp;gt;nginx/1.10.3 - Zalenium 3.141.59z&amp;lt;/address&amp;gt;
&amp;lt;/body&amp;gt;
&amp;lt;/html&amp;gt;
">
      <![CDATA[org.openqa.selenium.WebDriverException: Unable to parse remote response: <!DOCTYPE html>
<html>
<head>
  <meta charset="utf-8">
  <title>Zalenium - 502
  
    - Bad Gateway
  
  </title>
  <meta name="viewport" content="width=device-width, initial-scale=1">
  <style>
    h1 { text-align: center; }
    address { text-align: center; }
  </style>
</head>
<body>
  <h1>502
  
    - Bad Gateway
  
  </h1>
<hr>
<address>nginx/1.10.3 - Zalenium 3.141.59z</address>
</body>
</html>

at org.openqa.selenium.remote.ProtocolHandshake.createSession(ProtocolHandshake.java:111)
at org.openqa.selenium.remote.ProtocolHandshake.createSession(ProtocolHandshake.java:73)
at org.openqa.selenium.remote.HttpCommandExecutor.execute(HttpCommandExecutor.java:136)
at org.openqa.selenium.remote.RemoteWebDriver.execute(RemoteWebDriver.java:548)
at org.openqa.selenium.remote.RemoteWebDriver.startSession(RemoteWebDriver.java:212)
at org.openqa.selenium.remote.RemoteWebDriver.<init>(RemoteWebDriver.java:130)
at org.openqa.selenium.remote.RemoteWebDriver.<init>(RemoteWebDriver.java:143)
at com.tests.BaseTest.setupDriver(BaseTest.java:39)
at java.util.concurrent.FutureTask.run(Unknown Source)
at java.util.concurrent.ThreadPoolExecutor.runWorker(Unknown Source)
at java.util.concurrent.ThreadPoolExecutor$Worker.run(Unknown Source)
at java.lang.Thread.run(Unknown Source)
Caused by: org.openqa.selenium.json.JsonException: Unable to determine type from: <. Last 1 characters read: <
Build info: version: '3.14.0', revision: 'aacccce0', time: '2018-08-02T20:19:58.91Z'
System info: host: 'DESKTOP-FBJTQAJ', ip: '192.168.1.100', os.name: 'Windows 10', os.arch: 'amd64', os.version: '10.0', java.version: '1.8.0_231'
Driver info: driver.version: RemoteWebDriver
at org.openqa.selenium.json.JsonInput.peek(JsonInput.java:121)
at org.openqa.selenium.json.JsonTypeCoercer.lambda$null$6(JsonTypeCoercer.java:137)
at org.openqa.selenium.json.JsonTypeCoercer.coerce(JsonTypeCoercer.java:123)
at org.openqa.selenium.json.Json.toType(Json.java:60)
at org.openqa.selenium.json.Json.toType(Json.java:50)
at org.openqa.selenium.remote.ProtocolHandshake.createSession(ProtocolHandshake.java:108)
... 26 more
... Removed 15 stack frames]]>
    </failure>
  </testcase> <!-- @BeforeTest setupDriver -->
  <testcase name="@BeforeTest setupDriver" time="397.811" classname="com.tests.BaseTest">
    <failure type="org.openqa.selenium.WebDriverException" message="Unable to parse remote response: &amp;lt;!DOCTYPE html&amp;gt;
&amp;lt;html&amp;gt;
&amp;lt;head&amp;gt;
  &amp;lt;meta charset=&amp;quot;utf-8&amp;quot;&amp;gt;
  &amp;lt;title&amp;gt;Zalenium - 502
  
    - Bad Gateway
  
  &amp;lt;/title&amp;gt;
  &amp;lt;meta name=&amp;quot;viewport&amp;quot; content=&amp;quot;width=device-width, initial-scale=1&amp;quot;&amp;gt;
  &amp;lt;style&amp;gt;
    h1 { text-align: center; }
    address { text-align: center; }
  &amp;lt;/style&amp;gt;
&amp;lt;/head&amp;gt;
&amp;lt;body&amp;gt;
  &amp;lt;h1&amp;gt;502
  
    - Bad Gateway
  
  &amp;lt;/h1&amp;gt;
&amp;lt;hr&amp;gt;
&amp;lt;address&amp;gt;nginx/1.10.3 - Zalenium 3.141.59z&amp;lt;/address&amp;gt;
&amp;lt;/body&amp;gt;
&amp;lt;/html&amp;gt;
">
      <![CDATA[org.openqa.selenium.WebDriverException: Unable to parse remote response: <!DOCTYPE html>
<html>
<head>
  <meta charset="utf-8">
  <title>Zalenium - 502
  
    - Bad Gateway
  
  </title>
  <meta name="viewport" content="width=device-width, initial-scale=1">
  <style>
    h1 { text-align: center; }
    address { text-align: center; }
  </style>
</head>
<body>
  <h1>502
  
    - Bad Gateway
  
  </h1>
<hr>
<address>nginx/1.10.3 - Zalenium 3.141.59z</address>
</body>
</html>

at org.openqa.selenium.remote.ProtocolHandshake.createSession(ProtocolHandshake.java:111)
at org.openqa.selenium.remote.ProtocolHandshake.createSession(ProtocolHandshake.java:73)
at org.openqa.selenium.remote.HttpCommandExecutor.execute(HttpCommandExecutor.java:136)
at org.openqa.selenium.remote.RemoteWebDriver.execute(RemoteWebDriver.java:548)
at org.openqa.selenium.remote.RemoteWebDriver.startSession(RemoteWebDriver.java:212)
at org.openqa.selenium.remote.RemoteWebDriver.<init>(RemoteWebDriver.java:130)
at org.openqa.selenium.remote.RemoteWebDriver.<init>(RemoteWebDriver.java:143)
at com.tests.BaseTest.setupDriver(BaseTest.java:39)
at java.util.concurrent.FutureTask.run(Unknown Source)
at java.util.concurrent.ThreadPoolExecutor.runWorker(Unknown Source)
at java.util.concurrent.ThreadPoolExecutor$Worker.run(Unknown Source)
at java.lang.Thread.run(Unknown Source)
Caused by: org.openqa.selenium.json.JsonException: Unable to determine type from: <. Last 1 characters read: <
Build info: version: '3.14.0', revision: 'aacccce0', time: '2018-08-02T20:19:58.91Z'
System info: host: 'DESKTOP-FBJTQAJ', ip: '192.168.1.100', os.name: 'Windows 10', os.arch: 'amd64', os.version: '10.0', java.version: '1.8.0_231'
Driver info: driver.version: RemoteWebDriver
at org.openqa.selenium.json.JsonInput.peek(JsonInput.java:121)
at org.openqa.selenium.json.JsonTypeCoercer.lambda$null$6(JsonTypeCoercer.java:137)
at org.openqa.selenium.json.JsonTypeCoercer.coerce(JsonTypeCoercer.java:123)
at org.openqa.selenium.json.Json.toType(Json.java:60)
at org.openqa.selenium.json.Json.toType(Json.java:50)
at org.openqa.selenium.remote.ProtocolHandshake.createSession(ProtocolHandshake.java:108)
... 26 more
... Removed 15 stack frames]]>
    </failure>
  </testcase> <!-- @BeforeTest setupDriver -->
  <testcase name="@AfterTest quitBrowser" time="0.0" classname="com.tests.BaseTest">
    <skipped/>
  </testcase> <!-- @AfterTest quitBrowser -->
  <testcase name="@AfterTest quitBrowser" time="0.0" classname="com.tests.BaseTest">
    <skipped/>
  </testcase> <!-- @AfterTest quitBrowser -->
  <testcase name="search" time="0.0" classname="com.searchmodules.tests.SearchTest">
    <skipped/>
  </testcase> <!-- search -->
</testsuite> <!-- search-test-webdriver -->
